[0.743s] Invoking command in '/home/ando/ros2_ws/src/mypkg': CONDA_PROMPT_MODIFIER=(base) PYTHONPATH=/home/ando/ros2_ws/src/mypkg/build/mypkg/prefix_override:/usr/lib/python3/dist-packages/colcon_core/task/python/colcon_distutils_commands:/home/ando/ros2_ws/src/mypkg/install/mypkg/lib/python3.12/site-packages:${PYTHONPATH} /usr/bin/python3 -W ignore:setup.py install is deprecated -W ignore:easy_install command is deprecated setup.py egg_info --egg-base build/mypkg build --build-base /home/ando/ros2_ws/src/mypkg/build/mypkg/build install --record /home/ando/ros2_ws/src/mypkg/build/mypkg/install.log --single-version-externally-managed install_data
[0.889s] running egg_info
[0.897s] writing build/mypkg/mypkg.egg-info/PKG-INFO
[0.900s] writing dependency_links to build/mypkg/mypkg.egg-info/dependency_links.txt
[0.900s] writing entry points to build/mypkg/mypkg.egg-info/entry_points.txt
[0.900s] writing requirements to build/mypkg/mypkg.egg-info/requires.txt
[0.900s] writing top-level names to build/mypkg/mypkg.egg-info/top_level.txt
[0.918s] reading manifest file 'build/mypkg/mypkg.egg-info/SOURCES.txt'
[0.920s] writing manifest file 'build/mypkg/mypkg.egg-info/SOURCES.txt'
[0.920s] running build
[0.920s] running build_py
[0.920s] copying mypkg/talker.py -> /home/ando/ros2_ws/src/mypkg/build/mypkg/build/lib/mypkg
[0.921s] copying mypkg/listener.py -> /home/ando/ros2_ws/src/mypkg/build/mypkg/build/lib/mypkg
[0.921s] running install
[0.925s] running install_lib
[0.935s] copying /home/ando/ros2_ws/src/mypkg/build/mypkg/build/lib/mypkg/talker.py -> /home/ando/ros2_ws/src/mypkg/install/mypkg/lib/python3.12/site-packages/mypkg
[0.936s] copying /home/ando/ros2_ws/src/mypkg/build/mypkg/build/lib/mypkg/listener.py -> /home/ando/ros2_ws/src/mypkg/install/mypkg/lib/python3.12/site-packages/mypkg
[0.936s] byte-compiling /home/ando/ros2_ws/src/mypkg/install/mypkg/lib/python3.12/site-packages/mypkg/talker.py to talker.cpython-312.pyc
[0.937s] byte-compiling /home/ando/ros2_ws/src/mypkg/install/mypkg/lib/python3.12/site-packages/mypkg/listener.py to listener.cpython-312.pyc
[0.938s] running install_data
[0.938s] running install_egg_info
[0.947s] removing '/home/ando/ros2_ws/src/mypkg/install/mypkg/lib/python3.12/site-packages/mypkg-0.0.0-py3.12.egg-info' (and everything under it)
[0.949s] Copying build/mypkg/mypkg.egg-info to /home/ando/ros2_ws/src/mypkg/install/mypkg/lib/python3.12/site-packages/mypkg-0.0.0-py3.12.egg-info
[0.950s] running install_scripts
[1.019s] Installing listener script to /home/ando/ros2_ws/src/mypkg/install/mypkg/lib/mypkg
[1.019s] Installing talker script to /home/ando/ros2_ws/src/mypkg/install/mypkg/lib/mypkg
[1.019s] writing list of installed files to '/home/ando/ros2_ws/src/mypkg/build/mypkg/install.log'
[1.039s] Invoked command in '/home/ando/ros2_ws/src/mypkg' returned '0': CONDA_PROMPT_MODIFIER=(base) PYTHONPATH=/home/ando/ros2_ws/src/mypkg/build/mypkg/prefix_override:/usr/lib/python3/dist-packages/colcon_core/task/python/colcon_distutils_commands:/home/ando/ros2_ws/src/mypkg/install/mypkg/lib/python3.12/site-packages:${PYTHONPATH} /usr/bin/python3 -W ignore:setup.py install is deprecated -W ignore:easy_install command is deprecated setup.py egg_info --egg-base build/mypkg build --build-base /home/ando/ros2_ws/src/mypkg/build/mypkg/build install --record /home/ando/ros2_ws/src/mypkg/build/mypkg/install.log --single-version-externally-managed install_data
